<?xml version="1.0" encoding="UTF-8"?>
<!-- Generated by org.testng.reporters.JUnitReportReporter -->
<testsuite hostname="Aditya" failures="0" tests="1" name="demo.test.Fitpage_Test" time="3.110" errors="0" timestamp="2025-04-09T18:41:00 IST" skipped="0">
  <testcase classname="demo.test.Fitpage_Test" name="logIn_Test" time="3.110"/>
  <system-out/>
</testsuite> <!-- demo.test.Fitpage_Test -->
