<?xml version="1.0" encoding="UTF-8"?>
<!-- Generated by org.testng.reporters.JUnitReportReporter -->
<testsuite hostname="Aditya" failures="0" tests="1" name="demo.test.AppTest" time="4.402" errors="0" timestamp="2025-04-08T23:23:48 IST" skipped="0">
  <testcase classname="demo.test.AppTest" name="shouldAnswerWithTrue" time="4.402"/>
  <system-out/>
</testsuite> <!-- demo.test.AppTest -->
