<?xml version="1.0" encoding="UTF-8"?>
<!-- Generated by org.testng.reporters.JUnitReportReporter -->
<testsuite hostname="Aditya" failures="0" tests="1" name="demo.test.Flipkart_Test" time="52.487" errors="0" timestamp="2025-04-10T09:50:59 IST" skipped="0">
  <testcase classname="demo.test.Flipkart_Test" name="flipkart_Assignment" time="52.487"/>
  <system-out/>
</testsuite> <!-- demo.test.Flipkart_Test -->
